2026-02-12 12:15:45,723 - 1770920145.723054 - gdnasynth.keithley - INFO — === Device stabilisation ===
2026-02-12 12:15:59,366 - 1770920159.366029 - gdnasynth.keithley - INFO — ============================
2026-02-12 12:15:59,495 - 1770920159.495191 - __main__ - INFO — Running '0.0005X PBS' for 10 seconds.
2026-02-12 12:15:59,495 - 1770920159.495479 - __main__ - INFO — Pump for 1 second.
2026-02-12 12:16:00,796 - 1770920160.796471 - __main__ - INFO — Begin sweep
2026-02-12 12:26:00,192 - 1770920760.192835 - __main__ - INFO — Sweep complete.
2026-02-12 12:26:00,321 - 1770920760.321186 - __main__ - INFO — Pump for 1 second.
2026-02-12 12:26:01,621 - 1770920761.621999 - __main__ - INFO — Begin sweep
2026-02-12 12:36:01,667 - 1770921361.667152 - __main__ - INFO — Sweep complete.
2026-02-12 12:36:01,795 - 1770921361.795055 - __main__ - INFO — Pump for 1 second.
2026-02-12 12:36:03,095 - 1770921363.095898 - __main__ - INFO — Begin sweep
2026-02-12 12:46:02,277 - 1770921962.277031 - __main__ - INFO — Sweep complete.
2026-02-12 12:46:02,405 - 1770921962.405132 - __main__ - INFO — Pump for 1 second.
2026-02-12 12:46:03,705 - 1770921963.705963 - __main__ - INFO — Begin sweep
2026-02-12 12:56:03,922 - 1770922563.922018 - __main__ - INFO — Sweep complete.
2026-02-12 12:56:04,050 - 1770922564.050239 - __main__ - INFO — Pump for 1 second.
2026-02-12 12:56:05,351 - 1770922565.351943 - __main__ - INFO — Begin sweep
2026-02-12 13:06:04,682 - 1770923164.682217 - __main__ - INFO — Sweep complete.
2026-02-12 13:06:04,809 - 1770923164.809294 - __main__ - INFO — Pump for 1 second.
2026-02-12 13:06:06,109 - 1770923166.109890 - __main__ - INFO — Begin sweep
2026-02-12 13:16:05,971 - 1770923765.971582 - __main__ - INFO — Sweep complete.
2026-02-12 13:16:06,099 - 1770923766.099142 - __main__ - INFO — Pump for 1 second.
2026-02-12 13:16:07,401 - 1770923767.401212 - __main__ - INFO — Begin sweep
2026-02-12 13:26:07,127 - 1770924367.127639 - __main__ - INFO — Sweep complete.
2026-02-12 13:26:07,255 - 1770924367.255552 - __main__ - INFO — Pump for 1 second.
2026-02-12 13:26:08,556 - 1770924368.556205 - __main__ - INFO — Begin sweep
2026-02-12 13:36:07,936 - 1770924967.936460 - __main__ - INFO — Sweep complete.
2026-02-12 13:36:08,064 - 1770924968.064269 - __main__ - INFO — Pump for 1 second.
2026-02-12 13:36:09,365 - 1770924969.365384 - __main__ - INFO — Begin sweep
2026-02-12 13:46:09,510 - 1770925569.510934 - __main__ - INFO — Sweep complete.
2026-02-12 13:46:09,638 - 1770925569.638577 - __main__ - INFO — Pump for 1 second.
2026-02-12 13:46:10,939 - 1770925570.939681 - __main__ - INFO — Begin sweep
2026-02-12 13:56:10,205 - 1770926170.205800 - __main__ - INFO — Sweep complete.
2026-02-12 13:56:10,333 - 1770926170.333806 - __main__ - INFO — Running 'Distilled Water' for 10 seconds.
2026-02-12 13:56:10,333 - 1770926170.333957 - __main__ - INFO — Pump for 1 second.
2026-02-12 13:56:11,634 - 1770926171.634805 - __main__ - INFO — Begin sweep
2026-02-12 14:06:11,612 - 1770926771.612033 - __main__ - INFO — Sweep complete.
2026-02-12 14:06:11,739 - 1770926771.739463 - __main__ - INFO — Pump for 1 second.
2026-02-12 14:06:13,040 - 1770926773.040410 - __main__ - INFO — Begin sweep
2026-02-12 14:16:12,270 - 1770927372.270374 - __main__ - INFO — Sweep complete.
2026-02-12 14:16:12,398 - 1770927372.398217 - __main__ - INFO — Pump for 1 second.
2026-02-12 14:16:13,699 - 1770927373.699213 - __main__ - INFO — Begin sweep
2026-02-12 14:26:13,814 - 1770927973.814823 - __main__ - INFO — Sweep complete.
2026-02-12 14:26:13,942 - 1770927973.942905 - __main__ - INFO — Pump for 1 second.
2026-02-12 14:26:15,243 - 1770927975.243725 - __main__ - INFO — Begin sweep
2026-02-12 14:36:14,416 - 1770928574.416540 - __main__ - INFO — Sweep complete.
2026-02-12 14:36:14,544 - 1770928574.544515 - __main__ - INFO — Pump for 1 second.
2026-02-12 14:36:15,845 - 1770928575.845367 - __main__ - INFO — Begin sweep
2026-02-12 14:46:15,657 - 1770929175.657194 - __main__ - INFO — Sweep complete.
2026-02-12 14:46:15,784 - 1770929175.784742 - __main__ - INFO — Pump for 1 second.
2026-02-12 14:46:17,085 - 1770929177.085832 - __main__ - INFO — Begin sweep
2026-02-12 14:56:16,673 - 1770929776.673763 - __main__ - INFO — Sweep complete.
2026-02-12 14:56:16,801 - 1770929776.801877 - __main__ - INFO — Pump for 1 second.
2026-02-12 14:56:18,103 - 1770929778.103036 - __main__ - INFO — Begin sweep
2026-02-12 15:06:17,321 - 1770930377.321670 - __main__ - INFO — Sweep complete.
2026-02-12 15:06:17,449 - 1770930377.449810 - __main__ - INFO — Pump for 1 second.
2026-02-12 15:06:18,751 - 1770930378.751099 - __main__ - INFO — Begin sweep
2026-02-12 15:16:18,791 - 1770930978.791558 - __main__ - INFO — Sweep complete.
2026-02-12 15:16:18,919 - 1770930978.919716 - __main__ - INFO — Pump for 1 second.
2026-02-12 15:16:20,220 - 1770930980.220676 - __main__ - INFO — Begin sweep
2026-02-12 15:26:19,447 - 1770931579.447339 - __main__ - INFO — Sweep complete.
2026-02-12 15:26:19,575 - 1770931579.575568 - __main__ - INFO — Pump for 1 second.
2026-02-12 15:26:20,876 - 1770931580.876688 - __main__ - INFO — Begin sweep
2026-02-12 15:36:20,924 - 1770932180.924205 - __main__ - INFO — Sweep complete.
2026-02-12 15:36:21,051 - 1770932181.051858 - __main__ - INFO — Running '0.001X PBS' for 10 seconds.
2026-02-12 15:36:21,052 - 1770932181.052215 - __main__ - INFO — Pump for 1 second.
2026-02-12 15:36:22,353 - 1770932182.353403 - __main__ - INFO — Begin sweep
2026-02-12 15:46:21,644 - 1770932781.644682 - __main__ - INFO — Sweep complete.
2026-02-12 15:46:21,772 - 1770932781.772682 - __main__ - INFO — Pump for 1 second.
2026-02-12 15:46:23,073 - 1770932783.073474 - __main__ - INFO — Begin sweep
2026-02-12 15:56:23,043 - 1770933383.043342 - __main__ - INFO — Sweep complete.
2026-02-12 15:56:23,171 - 1770933383.171355 - __main__ - INFO — Pump for 1 second.
2026-02-12 15:56:24,472 - 1770933384.472313 - __main__ - INFO — Begin sweep
2026-02-12 16:06:23,683 - 1770933983.683439 - __main__ - INFO — Sweep complete.
2026-02-12 16:06:23,811 - 1770933983.811199 - __main__ - INFO — Pump for 1 second.
2026-02-12 16:06:25,112 - 1770933985.112122 - __main__ - INFO — Begin sweep
2026-02-12 16:16:24,679 - 1770934584.679419 - __main__ - INFO — Sweep complete.
2026-02-12 16:16:24,806 - 1770934584.806910 - __main__ - INFO — Pump for 1 second.
2026-02-12 16:16:26,108 - 1770934586.108038 - __main__ - INFO — Begin sweep
2026-02-12 16:26:25,724 - 1770935185.724495 - __main__ - INFO — Sweep complete.
2026-02-12 16:26:25,852 - 1770935185.852596 - __main__ - INFO — Pump for 1 second.
2026-02-12 16:26:27,153 - 1770935187.153609 - __main__ - INFO — Begin sweep
2026-02-12 16:36:26,409 - 1770935786.409048 - __main__ - INFO — Sweep complete.
2026-02-12 16:36:26,536 - 1770935786.536736 - __main__ - INFO — Pump for 1 second.
2026-02-12 16:36:27,837 - 1770935787.837872 - __main__ - INFO — Begin sweep
2026-02-12 16:46:27,956 - 1770936387.956193 - __main__ - INFO — Sweep complete.
2026-02-12 16:46:28,084 - 1770936388.084150 - __main__ - INFO — Pump for 1 second.
2026-02-12 16:46:29,385 - 1770936389.385374 - __main__ - INFO — Begin sweep
2026-02-12 16:56:28,607 - 1770936988.607945 - __main__ - INFO — Sweep complete.
2026-02-12 16:56:28,735 - 1770936988.735831 - __main__ - INFO — Pump for 1 second.
2026-02-12 16:56:30,037 - 1770936990.037121 - __main__ - INFO — Begin sweep
2026-02-12 17:06:30,127 - 1770937590.127288 - __main__ - INFO — Sweep complete.
2026-02-12 17:06:30,255 - 1770937590.255203 - __main__ - INFO — Pump for 1 second.
2026-02-12 17:06:31,556 - 1770937591.556425 - __main__ - INFO — Begin sweep
2026-02-12 17:16:30,790 - 1770938190.790736 - __main__ - INFO — Sweep complete.
2026-02-12 17:16:30,918 - 1770938190.918588 - __main__ - INFO — Running 'Distilled Water' for 120 seconds.
2026-02-12 17:16:30,918 - 1770938190.918892 - __main__ - INFO — Pump for 1 second.
2026-02-12 17:16:32,219 - 1770938192.219936 - __main__ - INFO — Begin sweep
2026-02-12 17:26:32,283 - 1770938792.283115 - __main__ - INFO — Sweep complete.
2026-02-12 17:26:32,410 - 1770938792.410868 - __main__ - INFO — Pump for 1 second.
2026-02-12 17:26:33,711 - 1770938793.711895 - __main__ - INFO — Begin sweep
2026-02-12 17:36:33,042 - 1770939393.042717 - __main__ - INFO — Sweep complete.
2026-02-12 17:36:33,170 - 1770939393.170351 - __main__ - INFO — Pump for 1 second.
2026-02-12 17:36:34,471 - 1770939394.471325 - __main__ - INFO — Begin sweep
2026-02-12 17:46:34,063 - 1770939994.063736 - __main__ - INFO — Sweep complete.
2026-02-12 17:46:34,191 - 1770939994.191768 - __main__ - INFO — Pump for 1 second.
2026-02-12 17:46:35,493 - 1770939995.493175 - __main__ - INFO — Begin sweep
2026-02-12 17:56:35,112 - 1770940595.112741 - __main__ - INFO — Sweep complete.
2026-02-12 17:56:35,240 - 1770940595.240636 - __main__ - INFO — Pump for 1 second.
2026-02-12 17:56:36,541 - 1770940596.541571 - __main__ - INFO — Begin sweep
2026-02-12 18:06:35,721 - 1770941195.721585 - __main__ - INFO — Sweep complete.
2026-02-12 18:06:35,849 - 1770941195.849468 - __main__ - INFO — Pump for 1 second.
2026-02-12 18:06:37,150 - 1770941197.150261 - __main__ - INFO — Begin sweep
2026-02-12 18:16:37,177 - 1770941797.177587 - __main__ - INFO — Sweep complete.
2026-02-12 18:16:37,305 - 1770941797.305336 - __main__ - INFO — Pump for 1 second.
2026-02-12 18:16:38,606 - 1770941798.606298 - __main__ - INFO — Begin sweep
2026-02-12 18:26:37,819 - 1770942397.819130 - __main__ - INFO — Sweep complete.
2026-02-12 18:26:37,947 - 1770942397.947071 - __main__ - INFO — Pump for 1 second.
2026-02-12 18:26:39,248 - 1770942399.248238 - __main__ - INFO — Begin sweep
2026-02-12 18:36:39,323 - 1770942999.323610 - __main__ - INFO — Sweep complete.
2026-02-12 18:36:39,451 - 1770942999.451654 - __main__ - INFO — Pump for 1 second.
2026-02-12 18:36:40,752 - 1770943000.752820 - __main__ - INFO — Begin sweep
2026-02-12 18:46:39,998 - 1770943599.998586 - __main__ - INFO — Sweep complete.
2026-02-12 18:46:40,126 - 1770943600.126401 - __main__ - INFO — Pump for 1 second.
2026-02-12 18:46:41,427 - 1770943601.427402 - __main__ - INFO — Begin sweep
2026-02-12 18:56:41,519 - 1770944201.519096 - __main__ - INFO — Sweep complete.
2026-02-12 18:56:41,646 - 1770944201.646580 - __main__ - INFO — Pump for 1 second.
2026-02-12 18:56:42,947 - 1770944202.947611 - __main__ - INFO — Begin sweep
2026-02-12 19:06:42,098 - 1770944802.098426 - __main__ - INFO — Sweep complete.
2026-02-12 19:06:42,226 - 1770944802.226308 - __main__ - INFO — Pump for 1 second.
2026-02-12 19:06:43,527 - 1770944803.527565 - __main__ - INFO — Begin sweep
2026-02-12 19:16:43,120 - 1770945403.120524 - __main__ - INFO — Sweep complete.
2026-02-12 19:16:43,248 - 1770945403.248341 - __main__ - INFO — Pump for 1 second.
2026-02-12 19:16:44,549 - 1770945404.549297 - __main__ - INFO — Begin sweep
2026-02-12 19:26:44,144 - 1770946004.144869 - __main__ - INFO — Sweep complete.
2026-02-12 19:26:44,272 - 1770946004.272793 - __main__ - INFO — Pump for 1 second.
2026-02-12 19:26:45,574 - 1770946005.574106 - __main__ - INFO — Begin sweep
2026-02-12 19:36:44,722 - 1770946604.722230 - __main__ - INFO — Sweep complete.
2026-02-12 19:36:44,849 - 1770946604.849450 - __main__ - INFO — Pump for 1 second.
2026-02-12 19:36:46,150 - 1770946606.150311 - __main__ - INFO — Begin sweep
2026-02-12 19:46:46,185 - 1770947206.185104 - __main__ - INFO — Sweep complete.
2026-02-12 19:46:46,313 - 1770947206.313507 - __main__ - INFO — Pump for 1 second.
2026-02-12 19:46:47,614 - 1770947207.614544 - __main__ - INFO — Begin sweep
2026-02-12 19:56:46,884 - 1770947806.884263 - __main__ - INFO — Sweep complete.
2026-02-12 19:56:47,012 - 1770947807.012253 - __main__ - INFO — Pump for 1 second.
2026-02-12 19:56:48,313 - 1770947808.313222 - __main__ - INFO — Begin sweep
2026-02-12 20:06:48,327 - 1770948408.327098 - __main__ - INFO — Sweep complete.
2026-02-12 20:06:48,454 - 1770948408.454869 - __main__ - INFO — Pump for 1 second.
2026-02-12 20:06:49,756 - 1770948409.756077 - __main__ - INFO — Begin sweep
2026-02-12 20:16:49,051 - 1770949009.051502 - __main__ - INFO — Sweep complete.
2026-02-12 20:16:49,179 - 1770949009.179537 - __main__ - INFO — Pump for 1 second.
2026-02-12 20:16:50,480 - 1770949010.480454 - __main__ - INFO — Begin sweep
2026-02-12 20:26:50,524 - 1770949610.524502 - __main__ - INFO — Sweep complete.
2026-02-12 20:26:50,652 - 1770949610.652283 - __main__ - INFO — Pump for 1 second.
2026-02-12 20:26:51,953 - 1770949611.953403 - __main__ - INFO — Begin sweep
2026-02-12 20:36:51,087 - 1770950211.087414 - __main__ - INFO — Sweep complete.
2026-02-12 20:36:51,215 - 1770950211.215318 - __main__ - INFO — Pump for 1 second.
2026-02-12 20:36:52,516 - 1770950212.516370 - __main__ - INFO — Begin sweep
2026-02-12 20:46:52,149 - 1770950812.149083 - __main__ - INFO — Sweep complete.
2026-02-12 20:46:52,278 - 1770950812.278119 - __main__ - INFO — Pump for 1 second.
2026-02-12 20:46:53,579 - 1770950813.579261 - __main__ - INFO — Begin sweep
2026-02-12 20:56:53,176 - 1770951413.176623 - __main__ - INFO — Sweep complete.
2026-02-12 20:56:53,304 - 1770951413.304649 - __main__ - INFO — Pump for 1 second.
2026-02-12 20:56:54,605 - 1770951414.605657 - __main__ - INFO — Begin sweep
2026-02-12 21:06:53,806 - 1770952013.806474 - __main__ - INFO — Sweep complete.
2026-02-12 21:06:53,934 - 1770952013.934201 - __main__ - INFO — Pump for 1 second.
2026-02-12 21:06:55,235 - 1770952015.235334 - __main__ - INFO — Begin sweep
2026-02-12 21:16:55,323 - 1770952615.323304 - __main__ - INFO — Sweep complete.
2026-02-12 21:16:55,451 - 1770952615.451092 - __main__ - INFO — Pump for 1 second.
2026-02-12 21:16:56,752 - 1770952616.752273 - __main__ - INFO — Begin sweep
2026-02-12 21:26:55,934 - 1770953215.934605 - __main__ - INFO — Sweep complete.
2026-02-12 21:26:56,062 - 1770953216.062302 - __main__ - INFO — Pump for 1 second.
2026-02-12 21:26:57,363 - 1770953217.363353 - __main__ - INFO — Begin sweep
2026-02-12 21:36:57,427 - 1770953817.427197 - __main__ - INFO — Sweep complete.
2026-02-12 21:36:57,555 - 1770953817.555434 - __main__ - INFO — Pump for 1 second.
2026-02-12 21:36:58,856 - 1770953818.856416 - __main__ - INFO — Begin sweep
2026-02-12 21:46:58,132 - 1770954418.132671 - __main__ - INFO — Sweep complete.
2026-02-12 21:46:58,260 - 1770954418.260592 - __main__ - INFO — Pump for 1 second.
2026-02-12 21:46:59,561 - 1770954419.561364 - __main__ - INFO — Begin sweep
2026-02-12 21:56:59,591 - 1770955019.591665 - __main__ - INFO — Sweep complete.
2026-02-12 21:56:59,719 - 1770955019.719493 - __main__ - INFO — Pump for 1 second.
2026-02-12 21:57:01,020 - 1770955021.020428 - __main__ - INFO — Begin sweep
2026-02-12 22:07:00,261 - 1770955620.261341 - __main__ - INFO — Sweep complete.
2026-02-12 22:07:00,389 - 1770955620.389231 - __main__ - INFO — Pump for 1 second.
2026-02-12 22:07:01,689 - 1770955621.689799 - __main__ - INFO — Begin sweep
2026-02-12 22:17:01,399 - 1770956221.399896 - __main__ - INFO — Sweep complete.
2026-02-12 22:17:01,527 - 1770956221.527853 - __main__ - INFO — Pump for 1 second.
2026-02-12 22:17:02,829 - 1770956222.829098 - __main__ - INFO — Begin sweep
2026-02-12 22:27:02,427 - 1770956822.427125 - __main__ - INFO — Sweep complete.
2026-02-12 22:27:02,554 - 1770956822.554921 - __main__ - INFO — Pump for 1 second.
2026-02-12 22:27:03,855 - 1770956823.855925 - __main__ - INFO — Begin sweep
2026-02-12 22:37:03,054 - 1770957423.054466 - __main__ - INFO — Sweep complete.
2026-02-12 22:37:03,182 - 1770957423.182318 - __main__ - INFO — Pump for 1 second.
2026-02-12 22:37:04,483 - 1770957424.483427 - __main__ - INFO — Begin sweep
2026-02-12 22:47:04,566 - 1770958024.566777 - __main__ - INFO — Sweep complete.
2026-02-12 22:47:04,694 - 1770958024.694419 - __main__ - INFO — Pump for 1 second.
2026-02-12 22:47:05,995 - 1770958025.995490 - __main__ - INFO — Begin sweep
2026-02-12 22:57:05,238 - 1770958625.238752 - __main__ - INFO — Sweep complete.
2026-02-12 22:57:05,366 - 1770958625.366615 - __main__ - INFO — Pump for 1 second.
2026-02-12 22:57:06,667 - 1770958626.667690 - __main__ - INFO — Begin sweep
2026-02-12 23:07:06,708 - 1770959226.708330 - __main__ - INFO — Sweep complete.
2026-02-12 23:07:06,836 - 1770959226.836303 - __main__ - INFO — Pump for 1 second.
2026-02-12 23:07:08,137 - 1770959228.137215 - __main__ - INFO — Begin sweep
2026-02-12 23:17:07,350 - 1770959827.350596 - __main__ - INFO — Sweep complete.
2026-02-12 23:17:07,479 - 1770959827.479029 - __main__ - INFO — Pump for 1 second.
2026-02-12 23:17:08,780 - 1770959828.780440 - __main__ - INFO — Begin sweep
2026-02-12 23:27:08,805 - 1770960428.805389 - __main__ - INFO — Sweep complete.
2026-02-12 23:27:08,933 - 1770960428.933884 - __main__ - INFO — Pump for 1 second.
2026-02-12 23:27:10,235 - 1770960430.235179 - __main__ - INFO — Begin sweep
2026-02-12 23:37:09,445 - 1770961029.445188 - __main__ - INFO — Sweep complete.
2026-02-12 23:37:09,573 - 1770961029.573258 - __main__ - INFO — Pump for 1 second.
2026-02-12 23:37:10,873 - 1770961030.873828 - __main__ - INFO — Begin sweep
2026-02-12 23:47:10,470 - 1770961630.470137 - __main__ - INFO — Sweep complete.
2026-02-12 23:47:10,597 - 1770961630.597621 - __main__ - INFO — Pump for 1 second.
2026-02-12 23:47:11,898 - 1770961631.898845 - __main__ - INFO — Begin sweep
2026-02-12 23:57:11,493 - 1770962231.493848 - __main__ - INFO — Sweep complete.
2026-02-12 23:57:11,621 - 1770962231.621560 - __main__ - INFO — Pump for 1 second.
2026-02-12 23:57:12,922 - 1770962232.922852 - __main__ - INFO — Begin sweep
2026-02-13 00:07:12,214 - 1770962832.214447 - __main__ - INFO — Sweep complete.
2026-02-13 00:07:12,342 - 1770962832.342117 - __main__ - INFO — Pump for 1 second.
2026-02-13 00:07:13,643 - 1770962833.643240 - __main__ - INFO — Begin sweep
2026-02-13 00:17:13,723 - 1770963433.723745 - __main__ - INFO — Sweep complete.
2026-02-13 00:17:13,851 - 1770963433.851791 - __main__ - INFO — Pump for 1 second.
2026-02-13 00:17:15,152 - 1770963435.152687 - __main__ - INFO — Begin sweep
2026-02-13 00:27:14,395 - 1770964034.395830 - __main__ - INFO — Sweep complete.
2026-02-13 00:27:14,523 - 1770964034.523871 - __main__ - INFO — Pump for 1 second.
2026-02-13 00:27:15,825 - 1770964035.825206 - __main__ - INFO — Begin sweep
2026-02-13 00:37:15,875 - 1770964635.875575 - __main__ - INFO — Sweep complete.
2026-02-13 00:37:16,003 - 1770964636.003310 - __main__ - INFO — Pump for 1 second.
2026-02-13 00:37:17,304 - 1770964637.304374 - __main__ - INFO — Begin sweep
2026-02-13 00:47:16,532 - 1770965236.532061 - __main__ - INFO — Sweep complete.
2026-02-13 00:47:16,659 - 1770965236.659947 - __main__ - INFO — Pump for 1 second.
2026-02-13 00:47:17,962 - 1770965237.962997 - __main__ - INFO — Begin sweep
2026-02-13 00:57:18,034 - 1770965838.034532 - __main__ - INFO — Sweep complete.
2026-02-13 00:57:18,162 - 1770965838.162438 - __main__ - INFO — Pump for 1 second.
2026-02-13 00:57:19,463 - 1770965839.463519 - __main__ - INFO — Begin sweep
2026-02-13 01:07:18,673 - 1770966438.673342 - __main__ - INFO — Sweep complete.
2026-02-13 01:07:18,801 - 1770966438.801128 - __main__ - INFO — Pump for 1 second.
2026-02-13 01:07:20,102 - 1770966440.102154 - __main__ - INFO — Begin sweep
2026-02-13 01:17:19,690 - 1770967039.690130 - __main__ - INFO — Sweep complete.
2026-02-13 01:17:19,817 - 1770967039.817673 - __main__ - INFO — Pump for 1 second.
2026-02-13 01:17:21,119 - 1770967041.119144 - __main__ - INFO — Begin sweep
2026-02-13 01:27:20,779 - 1770967640.779965 - __main__ - INFO — Sweep complete.
2026-02-13 01:27:20,908 - 1770967640.908232 - __main__ - INFO — Pump for 1 second.
2026-02-13 01:27:22,209 - 1770967642.209142 - __main__ - INFO — Begin sweep
2026-02-13 01:37:21,491 - 1770968241.491758 - __main__ - INFO — Sweep complete.
2026-02-13 01:37:21,618 - 1770968241.618522 - __main__ - INFO — Pump for 1 second.
2026-02-13 01:37:22,919 - 1770968242.919448 - __main__ - INFO — Begin sweep
2026-02-13 01:47:22,965 - 1770968842.965884 - __main__ - INFO — Sweep complete.
2026-02-13 01:47:23,094 - 1770968843.094002 - __main__ - INFO — Pump for 1 second.
2026-02-13 01:47:24,394 - 1770968844.394858 - __main__ - INFO — Begin sweep
2026-02-13 01:57:23,570 - 1770969443.570887 - __main__ - INFO — Sweep complete.
2026-02-13 01:57:23,698 - 1770969443.698806 - __main__ - INFO — Pump for 1 second.
2026-02-13 01:57:24,999 - 1770969444.999962 - __main__ - INFO — Begin sweep
2026-02-13 02:07:25,052 - 1770970045.052223 - __main__ - INFO — Sweep complete.
2026-02-13 02:07:25,179 - 1770970045.179761 - __main__ - INFO — Pump for 1 second.
2026-02-13 02:07:26,481 - 1770970046.481034 - __main__ - INFO — Begin sweep
2026-02-13 02:17:25,682 - 1770970645.682927 - __main__ - INFO — Sweep complete.
2026-02-13 02:17:25,810 - 1770970645.810658 - __main__ - INFO — Pump for 1 second.
2026-02-13 02:17:27,112 - 1770970647.112105 - __main__ - INFO — Begin sweep
2026-02-13 02:27:27,069 - 1770971247.069386 - __main__ - INFO — Sweep complete.
2026-02-13 02:27:27,197 - 1770971247.197622 - __main__ - INFO — Pump for 1 second.
2026-02-13 02:27:28,498 - 1770971248.498768 - __main__ - INFO — Begin sweep
2026-02-13 02:37:27,767 - 1770971847.767964 - __main__ - INFO — Sweep complete.
2026-02-13 02:37:27,895 - 1770971847.895539 - __main__ - INFO — Pump for 1 second.
2026-02-13 02:37:29,196 - 1770971849.196320 - __main__ - INFO — Begin sweep
2026-02-13 02:47:28,775 - 1770972448.775503 - __main__ - INFO — Sweep complete.
2026-02-13 02:47:28,903 - 1770972448.903506 - __main__ - INFO — Pump for 1 second.
2026-02-13 02:47:30,204 - 1770972450.204421 - __main__ - INFO — Begin sweep
2026-02-13 02:57:29,867 - 1770973049.867264 - __main__ - INFO — Sweep complete.
2026-02-13 02:57:29,995 - 1770973049.995149 - __main__ - INFO — Pump for 1 second.
2026-02-13 02:57:31,296 - 1770973051.296134 - __main__ - INFO — Begin sweep
2026-02-13 03:07:30,564 - 1770973650.564298 - __main__ - INFO — Sweep complete.
2026-02-13 03:07:30,691 - 1770973650.691887 - __main__ - INFO — Pump for 1 second.
2026-02-13 03:07:31,993 - 1770973651.993228 - __main__ - INFO — Begin sweep
2026-02-13 03:17:32,082 - 1770974252.082296 - __main__ - INFO — Sweep complete.
2026-02-13 03:17:32,209 - 1770974252.209945 - __main__ - INFO — Pump for 1 second.
2026-02-13 03:17:33,511 - 1770974253.511066 - __main__ - INFO — Begin sweep
2026-02-13 03:27:32,781 - 1770974852.781825 - __main__ - INFO — Sweep complete.
2026-02-13 03:27:32,910 - 1770974852.910141 - __main__ - INFO — Pump for 1 second.
2026-02-13 03:27:34,211 - 1770974854.211452 - __main__ - INFO — Begin sweep
2026-02-13 03:37:34,222 - 1770975454.222428 - __main__ - INFO — Sweep complete.
2026-02-13 03:37:34,350 - 1770975454.350433 - __main__ - INFO — Pump for 1 second.
2026-02-13 03:37:35,651 - 1770975455.651535 - __main__ - INFO — Begin sweep
2026-02-13 03:47:34,900 - 1770976054.900087 - __main__ - INFO — Sweep complete.
2026-02-13 03:47:35,027 - 1770976055.027809 - __main__ - INFO — Pump for 1 second.
2026-02-13 03:47:36,328 - 1770976056.328791 - __main__ - INFO — Begin sweep
2026-02-13 03:57:36,383 - 1770976656.383944 - __main__ - INFO — Sweep complete.
2026-02-13 03:57:36,511 - 1770976656.511593 - __main__ - INFO — Pump for 1 second.
2026-02-13 03:57:37,812 - 1770976657.812247 - __main__ - INFO — Begin sweep
2026-02-13 04:07:36,986 - 1770977256.986608 - __main__ - INFO — Sweep complete.
2026-02-13 04:07:37,114 - 1770977257.114561 - __main__ - INFO — Pump for 1 second.
2026-02-13 04:07:38,415 - 1770977258.415478 - __main__ - INFO — Begin sweep
2026-02-13 04:17:37,998 - 1770977857.998606 - __main__ - INFO — Sweep complete.
2026-02-13 04:17:38,126 - 1770977858.126326 - __main__ - INFO — Pump for 1 second.
2026-02-13 04:17:39,427 - 1770977859.427303 - __main__ - INFO — Begin sweep
2026-02-13 04:27:39,094 - 1770978459.094479 - __main__ - INFO — Sweep complete.
2026-02-13 04:27:39,222 - 1770978459.222344 - __main__ - INFO — Pump for 1 second.
2026-02-13 04:27:40,523 - 1770978460.523236 - __main__ - INFO — Begin sweep
2026-02-13 04:37:39,743 - 1770979059.743989 - __main__ - INFO — Sweep complete.
2026-02-13 04:37:39,872 - 1770979059.872050 - __main__ - INFO — Pump for 1 second.
2026-02-13 04:37:41,172 - 1770979061.172687 - __main__ - INFO — Begin sweep
2026-02-13 04:47:41,202 - 1770979661.202790 - __main__ - INFO — Sweep complete.
2026-02-13 04:47:41,330 - 1770979661.330676 - __main__ - INFO — Pump for 1 second.
2026-02-13 04:47:42,631 - 1770979662.631639 - __main__ - INFO — Begin sweep
2026-02-13 04:57:41,891 - 1770980261.891335 - __main__ - INFO — Sweep complete.
2026-02-13 04:57:42,018 - 1770980262.018955 - __main__ - INFO — Pump for 1 second.
2026-02-13 04:57:43,320 - 1770980263.320175 - __main__ - INFO — Begin sweep
2026-02-13 05:07:43,342 - 1770980863.342182 - __main__ - INFO — Sweep complete.
2026-02-13 05:07:43,470 - 1770980863.470337 - __main__ - INFO — Pump for 1 second.
2026-02-13 05:07:44,771 - 1770980864.771542 - __main__ - INFO — Begin sweep
2026-02-13 05:17:44,010 - 1770981464.010217 - __main__ - INFO — Sweep complete.
2026-02-13 05:17:44,138 - 1770981464.138175 - __main__ - INFO — Pump for 1 second.
2026-02-13 05:17:45,438 - 1770981465.438653 - __main__ - INFO — Begin sweep
2026-02-13 05:27:45,499 - 1770982065.499107 - __main__ - INFO — Sweep complete.
2026-02-13 05:27:45,626 - 1770982065.626936 - __main__ - INFO — Pump for 1 second.
2026-02-13 05:27:46,928 - 1770982066.928228 - __main__ - INFO — Begin sweep
2026-02-13 05:37:46,177 - 1770982666.177400 - __main__ - INFO — Sweep complete.
2026-02-13 05:37:46,305 - 1770982666.305435 - __main__ - INFO — Pump for 1 second.
2026-02-13 05:37:47,606 - 1770982667.606394 - __main__ - INFO — Begin sweep
2026-02-13 05:47:47,243 - 1770983267.243674 - __main__ - INFO — Sweep complete.
2026-02-13 05:47:47,371 - 1770983267.371418 - __main__ - INFO — Pump for 1 second.
2026-02-13 05:47:48,671 - 1770983268.671993 - __main__ - INFO — Begin sweep
2026-02-13 05:57:48,295 - 1770983868.295646 - __main__ - INFO — Sweep complete.
2026-02-13 05:57:48,423 - 1770983868.423425 - __main__ - INFO — Pump for 1 second.
2026-02-13 05:57:49,724 - 1770983869.724538 - __main__ - INFO — Begin sweep
2026-02-13 06:07:48,937 - 1770984468.937646 - __main__ - INFO — Sweep complete.
2026-02-13 06:07:49,065 - 1770984469.065599 - __main__ - INFO — Pump for 1 second.
2026-02-13 06:07:50,366 - 1770984470.366436 - __main__ - INFO — Begin sweep
2026-02-13 06:17:50,415 - 1770985070.415535 - __main__ - INFO — Sweep complete.
2026-02-13 06:17:50,543 - 1770985070.543956 - __main__ - INFO — Pump for 1 second.
2026-02-13 06:17:51,845 - 1770985071.845239 - __main__ - INFO — Begin sweep
2026-02-13 06:27:51,112 - 1770985671.112847 - __main__ - INFO — Sweep complete.
2026-02-13 06:27:51,240 - 1770985671.240918 - __main__ - INFO — Pump for 1 second.
2026-02-13 06:27:52,541 - 1770985672.541736 - __main__ - INFO — Begin sweep
2026-02-13 06:37:52,558 - 1770986272.558650 - __main__ - INFO — Sweep complete.
2026-02-13 06:37:52,686 - 1770986272.686556 - __main__ - INFO — Pump for 1 second.
2026-02-13 06:37:53,987 - 1770986273.987460 - __main__ - INFO — Begin sweep
2026-02-13 06:47:53,237 - 1770986873.237201 - __main__ - INFO — Sweep complete.
2026-02-13 06:47:53,365 - 1770986873.365070 - __main__ - INFO — Pump for 1 second.
2026-02-13 06:47:54,666 - 1770986874.666200 - __main__ - INFO — Begin sweep
2026-02-13 06:57:54,691 - 1770987474.691139 - __main__ - INFO — Sweep complete.
2026-02-13 06:57:54,818 - 1770987474.818492 - __main__ - INFO — Pump for 1 second.
2026-02-13 06:57:56,119 - 1770987476.119499 - __main__ - INFO — Begin sweep
2026-02-13 07:07:55,350 - 1770988075.350670 - __main__ - INFO — Sweep complete.
2026-02-13 07:07:55,479 - 1770988075.479008 - __main__ - INFO — Pump for 1 second.
2026-02-13 07:07:56,779 - 1770988076.779835 - __main__ - INFO — Begin sweep
2026-02-13 07:17:56,402 - 1770988676.402691 - __main__ - INFO — Sweep complete.
2026-02-13 07:17:56,531 - 1770988676.531340 - __main__ - INFO — Pump for 1 second.
2026-02-13 07:17:57,832 - 1770988677.832439 - __main__ - INFO — Begin sweep
2026-02-13 07:27:57,507 - 1770989277.507739 - __main__ - INFO — Sweep complete.
2026-02-13 07:27:57,635 - 1770989277.635627 - __main__ - INFO — Pump for 1 second.
2026-02-13 07:27:58,936 - 1770989278.936605 - __main__ - INFO — Begin sweep
2026-02-13 07:37:58,235 - 1770989878.235169 - __main__ - INFO — Sweep complete.
2026-02-13 07:37:58,363 - 1770989878.363747 - __main__ - INFO — Pump for 1 second.
2026-02-13 07:37:59,664 - 1770989879.664849 - __main__ - INFO — Begin sweep
2026-02-13 07:47:59,700 - 1770990479.700513 - __main__ - INFO — Sweep complete.
2026-02-13 07:47:59,828 - 1770990479.828400 - __main__ - INFO — Pump for 1 second.
2026-02-13 07:48:01,128 - 1770990481.128923 - __main__ - INFO — Begin sweep
2026-02-13 07:58:00,385 - 1770991080.385684 - __main__ - INFO — Sweep complete.
2026-02-13 07:58:00,513 - 1770991080.513696 - __main__ - INFO — Pump for 1 second.
2026-02-13 07:58:01,814 - 1770991081.814620 - __main__ - INFO — Begin sweep
2026-02-13 08:08:01,888 - 1770991681.888584 - __main__ - INFO — Sweep complete.
2026-02-13 08:08:02,015 - 1770991682.015993 - __main__ - INFO — Pump for 1 second.
2026-02-13 08:08:03,316 - 1770991683.316658 - __main__ - INFO — Begin sweep
2026-02-13 08:18:02,515 - 1770992282.515538 - __main__ - INFO — Sweep complete.
2026-02-13 08:18:02,643 - 1770992282.643537 - __main__ - INFO — Pump for 1 second.
2026-02-13 08:18:03,944 - 1770992283.944092 - __main__ - INFO — Begin sweep
2026-02-13 08:28:03,967 - 1770992883.967362 - __main__ - INFO — Sweep complete.
2026-02-13 08:28:04,095 - 1770992884.095180 - __main__ - INFO — Pump for 1 second.
2026-02-13 08:28:05,396 - 1770992885.396297 - __main__ - INFO — Begin sweep
2026-02-13 08:38:04,646 - 1770993484.646019 - __main__ - INFO — Sweep complete.
2026-02-13 08:38:04,773 - 1770993484.773695 - __main__ - INFO — Pump for 1 second.
2026-02-13 08:38:06,074 - 1770993486.074845 - __main__ - INFO — Begin sweep
2026-02-13 08:48:05,723 - 1770994085.723800 - __main__ - INFO — Sweep complete.
2026-02-13 08:48:05,851 - 1770994085.851688 - __main__ - INFO — Pump for 1 second.
2026-02-13 08:48:07,152 - 1770994087.152528 - __main__ - INFO — Begin sweep
2026-02-13 08:58:06,762 - 1770994686.762419 - __main__ - INFO — Sweep complete.
2026-02-13 08:58:06,890 - 1770994686.890200 - __main__ - INFO — Pump for 1 second.
2026-02-13 08:58:08,190 - 1770994688.190936 - __main__ - INFO — Begin sweep
2026-02-13 09:08:07,428 - 1770995287.428540 - __main__ - INFO — Sweep complete.
2026-02-13 09:08:07,556 - 1770995287.556452 - __main__ - INFO — Pump for 1 second.
2026-02-13 09:08:08,857 - 1770995288.857192 - __main__ - INFO — Begin sweep
2026-02-13 09:18:08,799 - 1770995888.799585 - __main__ - INFO — Sweep complete.
2026-02-13 09:18:08,927 - 1770995888.927455 - __main__ - INFO — Pump for 1 second.
2026-02-13 09:18:10,228 - 1770995890.228533 - __main__ - INFO — Begin sweep
2026-02-13 09:28:09,467 - 1770996489.467805 - __main__ - INFO — Sweep complete.
2026-02-13 09:28:09,595 - 1770996489.595939 - __main__ - INFO — Pump for 1 second.
2026-02-13 09:28:10,897 - 1770996490.897183 - __main__ - INFO — Begin sweep
2026-02-13 09:38:11,000 - 1770997091.000193 - __main__ - INFO — Sweep complete.
2026-02-13 09:38:11,128 - 1770997091.128647 - __main__ - INFO — Pump for 1 second.
2026-02-13 09:38:12,429 - 1770997092.429801 - __main__ - INFO — Begin sweep
2026-02-13 09:48:11,603 - 1770997691.603535 - __main__ - INFO — Sweep complete.
2026-02-13 09:48:11,731 - 1770997691.731461 - __main__ - INFO — Pump for 1 second.
2026-02-13 09:48:13,032 - 1770997693.032388 - __main__ - INFO — Begin sweep
2026-02-13 09:58:13,153 - 1770998293.153595 - __main__ - INFO — Sweep complete.
2026-02-13 09:58:13,281 - 1770998293.281393 - __main__ - INFO — Pump for 1 second.
2026-02-13 09:58:14,582 - 1770998294.582468 - __main__ - INFO — Begin sweep
2026-02-13 10:08:13,806 - 1770998893.806317 - __main__ - INFO — Sweep complete.
2026-02-13 10:08:13,934 - 1770998893.934120 - __main__ - INFO — Pump for 1 second.
2026-02-13 10:08:15,234 - 1770998895.234858 - __main__ - INFO — Begin sweep
2026-02-13 10:18:14,886 - 1770999494.886306 - __main__ - INFO — Sweep complete.
2026-02-13 10:18:15,014 - 1770999495.014138 - __main__ - INFO — Pump for 1 second.
2026-02-13 10:18:16,315 - 1770999496.315290 - __main__ - INFO — Begin sweep
2026-02-13 10:28:16,038 - 1771000096.038461 - __main__ - INFO — Sweep complete.
2026-02-13 10:28:16,166 - 1771000096.166401 - __main__ - INFO — Pump for 1 second.
2026-02-13 10:28:17,467 - 1771000097.467455 - __main__ - INFO — Begin sweep
2026-02-13 10:38:16,684 - 1771000696.684935 - __main__ - INFO — Sweep complete.
2026-02-13 10:38:16,812 - 1771000696.812837 - __main__ - INFO — Pump for 1 second.
2026-02-13 10:38:18,113 - 1771000698.113942 - __main__ - INFO — Begin sweep
2026-02-13 10:48:18,212 - 1771001298.212641 - __main__ - INFO — Sweep complete.
2026-02-13 10:48:18,340 - 1771001298.340789 - __main__ - INFO — Pump for 1 second.
2026-02-13 10:48:19,642 - 1771001299.642064 - __main__ - INFO — Begin sweep
2026-02-13 10:58:18,914 - 1771001898.914769 - __main__ - INFO — Sweep complete.
2026-02-13 10:58:19,042 - 1771001899.042730 - __main__ - INFO — Pump for 1 second.
2026-02-13 10:58:20,344 - 1771001900.344050 - __main__ - INFO — Begin sweep
2026-02-13 11:08:20,422 - 1771002500.422358 - __main__ - INFO — Sweep complete.
2026-02-13 11:08:20,550 - 1771002500.550419 - __main__ - INFO — Pump for 1 second.
2026-02-13 11:08:21,851 - 1771002501.851513 - __main__ - INFO — Begin sweep
2026-02-13 11:18:21,122 - 1771003101.122482 - __main__ - INFO — Sweep complete.
2026-02-13 11:18:21,250 - 1771003101.250526 - __main__ - INFO — Pump for 1 second.
2026-02-13 11:18:22,551 - 1771003102.551323 - __main__ - INFO — Begin sweep
2026-02-13 11:28:22,761 - 1771003702.761840 - __main__ - INFO — Sweep complete.
2026-02-13 11:28:22,889 - 1771003702.889796 - __main__ - INFO — Pump for 1 second.
2026-02-13 11:28:24,190 - 1771003704.190865 - __main__ - INFO — Begin sweep
2026-02-13 11:38:23,386 - 1771004303.386077 - __main__ - INFO — Sweep complete.
2026-02-13 11:38:23,513 - 1771004303.513842 - __main__ - INFO — Pump for 1 second.
2026-02-13 11:38:24,815 - 1771004304.815165 - __main__ - INFO — Begin sweep
2026-02-13 11:48:24,509 - 1771004904.509892 - __main__ - INFO — Sweep complete.
2026-02-13 11:48:24,637 - 1771004904.637878 - __main__ - INFO — Pump for 1 second.
2026-02-13 11:48:25,939 - 1771004905.939233 - __main__ - INFO — Begin sweep
2026-02-13 11:58:25,536 - 1771005505.536942 - __main__ - INFO — Sweep complete.
2026-02-13 11:58:25,664 - 1771005505.664412 - __main__ - INFO — Pump for 1 second.
2026-02-13 11:58:26,965 - 1771005506.965578 - __main__ - INFO — Begin sweep
2026-02-13 12:08:26,110 - 1771006106.110030 - __main__ - INFO — Sweep complete.
2026-02-13 12:08:26,237 - 1771006106.237515 - __main__ - INFO — Pump for 1 second.
2026-02-13 12:08:27,539 - 1771006107.539076 - __main__ - INFO — Begin sweep
2026-02-13 12:18:27,680 - 1771006707.680655 - __main__ - INFO — Sweep complete.
2026-02-13 12:18:27,808 - 1771006707.808844 - __main__ - INFO — Pump for 1 second.
2026-02-13 12:18:29,110 - 1771006709.110194 - __main__ - INFO — Begin sweep
2026-02-13 12:28:28,316 - 1771007308.316571 - __main__ - INFO — Sweep complete.
2026-02-13 12:28:28,444 - 1771007308.444691 - __main__ - INFO — Pump for 1 second.
2026-02-13 12:28:29,746 - 1771007309.746884 - __main__ - INFO — Begin sweep
2026-02-13 12:38:29,826 - 1771007909.826370 - __main__ - INFO — Sweep complete.
2026-02-13 12:38:29,954 - 1771007909.954297 - __main__ - INFO — Pump for 1 second.
2026-02-13 12:38:31,254 - 1771007911.254991 - __main__ - INFO — Begin sweep
2026-02-13 12:48:30,499 - 1771008510.499323 - __main__ - INFO — Sweep complete.
2026-02-13 12:48:30,627 - 1771008510.627251 - __main__ - INFO — Pump for 1 second.
2026-02-13 12:48:31,928 - 1771008511.928428 - __main__ - INFO — Begin sweep
2026-02-13 12:58:31,982 - 1771009111.982173 - __main__ - INFO — Sweep complete.
2026-02-13 12:58:32,109 - 1771009112.109340 - __main__ - INFO — Pump for 1 second.
2026-02-13 12:58:33,410 - 1771009113.410307 - __main__ - INFO — Begin sweep
2026-02-13 13:08:32,623 - 1771009712.623677 - __main__ - INFO — Sweep complete.
2026-02-13 13:08:32,751 - 1771009712.751562 - __main__ - INFO — Pump for 1 second.
2026-02-13 13:08:34,052 - 1771009714.052349 - __main__ - INFO — Begin sweep
2026-02-13 13:18:33,725 - 1771010313.725294 - __main__ - INFO — Sweep complete.
